<?xml version="1.0" encoding="UTF-8"?>
<!-- Generated by org.testng.reporters.JUnitReportReporter -->
<testsuite hostname="LAPTOP-OVS45RA9" failures="0" tests="1" name="tests.EndToEndTest" time="31.354" errors="0" timestamp="2025-06-14T14:29:48 IST" skipped="0">
  <testcase classname="tests.EndToEndTest" name="orangeHRMEndToEndFlow" time="31.354"/>
  <system-out/>
</testsuite> <!-- tests.EndToEndTest -->
