<?xml version="1.0" encoding="UTF-8"?>
<!-- Generated by org.testng.reporters.JUnitReportReporter -->
<testsuite hostname="LAPTOP-OVS45RA9" failures="0" tests="1" name="tests.PIMTest" time="7.073" errors="0" timestamp="2025-06-14T14:10:43 IST" skipped="0">
  <testcase classname="tests.PIMTest" name="dummyPIMTest" time="7.073"/>
  <system-out/>
</testsuite> <!-- tests.PIMTest -->
